# JRE version: OpenJDK Runtime Environment Temurin-21.0.8+9 (21.0.8+9) (build 21.0.8+9-LTS)
# Java VM: OpenJDK 64-Bit Server VM Temurin-21.0.8+9 (21.0.8+9-LTS, mixed mode, sharing, tiered, compressed oops, compressed class ptrs, parallel gc, windows-amd64)
GC Precious Log:
 CardTable entry size: 512
 CPUs: 12 total, 12 available
 Memory: 5989M
 Large Page Support: Disabled
 NUMA Support: Disabled
 Compressed Oops: Enabled (32-bit)
 Alignments: Space 512K, Generation 512K, Heap 2M
 Heap Min Capacity: 100M
 Heap Initial Capacity: 100M
 Heap Max Capacity: 2G
 Pre-touch: Disabled
 Parallel Workers: 10
Heap:
 PSYoungGen      total 2048K, used 338K [0x00000000d5580000, 0x00000000d5980000, 0x0000000100000000)
  eden space 1536K, 7% used [0x00000000d5580000,0x00000000d559cb58,0x00000000d5700000)
  from space 512K, 43% used [0x00000000d5900000,0x00000000d5938000,0x00000000d5980000)
  to   space 1024K, 0% used [0x00000000d5780000,0x00000000d5780000,0x00000000d5880000)
 ParOldGen       total 821248K, used 820859K [0x0000000080000000, 0x00000000b2200000, 0x00000000d5580000)
  object space 821248K, 99% used [0x0000000080000000,0x00000000b219ed30,0x00000000b2200000)
 Metaspace       used 71656K, committed 73216K, reserved 1114112K
  class space    used 7961K, committed 8640K, reserved 1048576K
GC Heap History (20 events):
Event: 58.836 GC heap before
{Heap before GC invocations=1386 (full 3):
 PSYoungGen      total 6144K, used 6048K [0x00000000d5580000, 0x00000000d5d80000, 0x0000000100000000)
  eden space 5632K, 100% used [0x00000000d5580000,0x00000000d5b00000,0x00000000d5b00000)
  from space 512K, 81% used [0x00000000d5d00000,0x00000000d5d68230,0x00000000d5d80000)
  to   space 512K, 0% used [0x00000000d5c80000,0x00000000d5c80000,0x00000000d5d00000)
 ParOldGen       total 808960K, used 808496K [0x0000000080000000, 0x00000000b1600000, 0x00000000d5580000)
  object space 808960K, 99% used [0x0000000080000000,0x00000000b158c278,0x00000000b1600000)
 Metaspace       used 71430K, committed 73024K, reserved 1114112K
  class space    used 7932K, committed 8640K, reserved 1048576K
}
Event: 58.839 GC heap after
{Heap after GC invocations=1386 (full 3):
 PSYoungGen      total 6144K, used 459K [0x00000000d5580000, 0x00000000d5d80000, 0x0000000100000000)
  eden space 5632K, 0% used [0x00000000d5580000,0x00000000d5580000,0x00000000d5b00000)
  from space 512K, 89% used [0x00000000d5c80000,0x00000000d5cf2fc0,0x00000000d5d00000)
  to   space 512K, 0% used [0x00000000d5d00000,0x00000000d5d00000,0x00000000d5d80000)
 ParOldGen       total 808960K, used 808754K [0x0000000080000000, 0x00000000b1600000, 0x00000000d5580000)
  object space 808960K, 99% used [0x0000000080000000,0x00000000b15cca70,0x00000000b1600000)
 Metaspace       used 71430K, committed 73024K, reserved 1114112K
  class space    used 7932K, committed 8640K, reserved 1048576K
}
Event: 58.866 GC heap before
{Heap before GC invocations=1387 (full 3):
 PSYoungGen      total 6144K, used 6091K [0x00000000d5580000, 0x00000000d5d80000, 0x0000000100000000)
  eden space 5632K, 100% used [0x00000000d5580000,0x00000000d5b00000,0x00000000d5b00000)
  from space 512K, 89% used [0x00000000d5c80000,0x00000000d5cf2fc0,0x00000000d5d00000)
  to   space 512K, 0% used [0x00000000d5d00000,0x00000000d5d00000,0x00000000d5d80000)
 ParOldGen       total 808960K, used 808754K [0x0000000080000000, 0x00000000b1600000, 0x00000000d5580000)
  object space 808960K, 99% used [0x0000000080000000,0x00000000b15cca70,0x00000000b1600000)
 Metaspace       used 71430K, committed 73024K, reserved 1114112K
  class space    used 7932K, committed 8640K, reserved 1048576K
}
Event: 58.869 GC heap after
{Heap after GC invocations=1387 (full 3):
 PSYoungGen      total 6144K, used 454K [0x00000000d5580000, 0x00000000d5d80000, 0x0000000100000000)
  eden space 5632K, 0% used [0x00000000d5580000,0x00000000d5580000,0x00000000d5b00000)
  from space 512K, 88% used [0x00000000d5d00000,0x00000000d5d71aa8,0x00000000d5d80000)
  to   space 512K, 0% used [0x00000000d5c80000,0x00000000d5c80000,0x00000000d5d00000)
 ParOldGen       total 809472K, used 809062K [0x0000000080000000, 0x00000000b1680000, 0x00000000d5580000)
  object space 809472K, 99% used [0x0000000080000000,0x00000000b1619a88,0x00000000b1680000)
 Metaspace       used 71430K, committed 73024K, reserved 1114112K
  class space    used 7932K, committed 8640K, reserved 1048576K
}
Event: 59.015 GC heap before
{Heap before GC invocations=1388 (full 3):
 PSYoungGen      total 6144K, used 6086K [0x00000000d5580000, 0x00000000d5d80000, 0x0000000100000000)
  eden space 5632K, 100% used [0x00000000d5580000,0x00000000d5b00000,0x00000000d5b00000)
  from space 512K, 88% used [0x00000000d5d00000,0x00000000d5d71aa8,0x00000000d5d80000)
  to   space 512K, 0% used [0x00000000d5c80000,0x00000000d5c80000,0x00000000d5d00000)
 ParOldGen       total 809472K, used 809062K [0x0000000080000000, 0x00000000b1680000, 0x00000000d5580000)
  object space 809472K, 99% used [0x0000000080000000,0x00000000b1619a88,0x00000000b1680000)
 Metaspace       used 71536K, committed 73088K, reserved 1114112K
  class space    used 7943K, committed 8640K, reserved 1048576K
}
Event: 59.019 GC heap after
{Heap after GC invocations=1388 (full 3):
 PSYoungGen      total 6144K, used 512K [0x00000000d5580000, 0x00000000d5e00000, 0x0000000100000000)
  eden space 5632K, 0% used [0x00000000d5580000,0x00000000d5580000,0x00000000d5b00000)
  from space 512K, 100% used [0x00000000d5c80000,0x00000000d5d00000,0x00000000d5d00000)
  to   space 1024K, 0% used [0x00000000d5d00000,0x00000000d5d00000,0x00000000d5e00000)
 ParOldGen       total 809984K, used 809923K [0x0000000080000000, 0x00000000b1700000, 0x00000000d5580000)
  object space 809984K, 99% used [0x0000000080000000,0x00000000b16f0cc8,0x00000000b1700000)
 Metaspace       used 71536K, committed 73088K, reserved 1114112K
  class space    used 7943K, committed 8640K, reserved 1048576K
}
Event: 59.084 GC heap before
{Heap before GC invocations=1389 (full 3):
 PSYoungGen      total 6144K, used 6144K [0x00000000d5580000, 0x00000000d5e00000, 0x0000000100000000)
  eden space 5632K, 100% used [0x00000000d5580000,0x00000000d5b00000,0x00000000d5b00000)
  from space 512K, 100% used [0x00000000d5c80000,0x00000000d5d00000,0x00000000d5d00000)
  to   space 1024K, 0% used [0x00000000d5d00000,0x00000000d5d00000,0x00000000d5e00000)
 ParOldGen       total 809984K, used 809923K [0x0000000080000000, 0x00000000b1700000, 0x00000000d5580000)
  object space 809984K, 99% used [0x0000000080000000,0x00000000b16f0cc8,0x00000000b1700000)
 Metaspace       used 71558K, committed 73088K, reserved 1114112K
  class space    used 7949K, committed 8640K, reserved 1048576K
}
Event: 59.093 GC heap after
{Heap after GC invocations=1389 (full 3):
 PSYoungGen      total 2048K, used 1024K [0x00000000d5580000, 0x00000000d6800000, 0x0000000100000000)
  eden space 1024K, 0% used [0x00000000d5580000,0x00000000d5580000,0x00000000d5680000)
  from space 1024K, 100% used [0x00000000d5d00000,0x00000000d5e00000,0x00000000d5e00000)
  to   space 6656K, 0% used [0x00000000d5680000,0x00000000d5680000,0x00000000d5d00000)
 ParOldGen       total 814592K, used 814479K [0x0000000080000000, 0x00000000b1b80000, 0x00000000d5580000)
  object space 814592K, 99% used [0x0000000080000000,0x00000000b1b63ee8,0x00000000b1b80000)
 Metaspace       used 71558K, committed 73088K, reserved 1114112K
  class space    used 7949K, committed 8640K, reserved 1048576K
}
Event: 59.095 GC heap before
{Heap before GC invocations=1390 (full 3):
 PSYoungGen      total 2048K, used 2047K [0x00000000d5580000, 0x00000000d6800000, 0x0000000100000000)
  eden space 1024K, 99% used [0x00000000d5580000,0x00000000d567fff0,0x00000000d5680000)
  from space 1024K, 100% used [0x00000000d5d00000,0x00000000d5e00000,0x00000000d5e00000)
  to   space 6656K, 0% used [0x00000000d5680000,0x00000000d5680000,0x00000000d5d00000)
 ParOldGen       total 814592K, used 814479K [0x0000000080000000, 0x00000000b1b80000, 0x00000000d5580000)
  object space 814592K, 99% used [0x0000000080000000,0x00000000b1b63ee8,0x00000000b1b80000)
 Metaspace       used 71561K, committed 73088K, reserved 1114112K
  class space    used 7949K, committed 8640K, reserved 1048576K
}
Event: 59.099 GC heap after
{Heap after GC invocations=1390 (full 3):
 PSYoungGen      total 2048K, used 1024K [0x00000000d5580000, 0x00000000d5d80000, 0x0000000100000000)
  eden space 1024K, 0% used [0x00000000d5580000,0x00000000d5580000,0x00000000d5680000)
  from space 1024K, 100% used [0x00000000d5680000,0x00000000d5780000,0x00000000d5780000)
  to   space 3072K, 0% used [0x00000000d5a80000,0x00000000d5a80000,0x00000000d5d80000)
 ParOldGen       total 815616K, used 815575K [0x0000000080000000, 0x00000000b1c80000, 0x00000000d5580000)
  object space 815616K, 99% used [0x0000000080000000,0x00000000b1c75f20,0x00000000b1c80000)
 Metaspace       used 71561K, committed 73088K, reserved 1114112K
  class space    used 7949K, committed 8640K, reserved 1048576K
}
Event: 59.101 GC heap before
{Heap before GC invocations=1391 (full 3):
 PSYoungGen      total 2048K, used 2048K [0x00000000d5580000, 0x00000000d5d80000, 0x0000000100000000)
  eden space 1024K, 100% used [0x00000000d5580000,0x00000000d5680000,0x00000000d5680000)
  from space 1024K, 100% used [0x00000000d5680000,0x00000000d5780000,0x00000000d5780000)
  to   space 3072K, 0% used [0x00000000d5a80000,0x00000000d5a80000,0x00000000d5d80000)
 ParOldGen       total 815616K, used 815575K [0x0000000080000000, 0x00000000b1c80000, 0x00000000d5580000)
  object space 815616K, 99% used [0x0000000080000000,0x00000000b1c75f20,0x00000000b1c80000)
 Metaspace       used 71565K, committed 73088K, reserved 1114112K
  class space    used 7950K, committed 8640K, reserved 1048576K
}
Event: 59.107 GC heap after
{Heap after GC invocations=1391 (full 3):
 PSYoungGen      total 2560K, used 996K [0x00000000d5580000, 0x00000000d5b80000, 0x0000000100000000)
  eden space 1536K, 0% used [0x00000000d5580000,0x00000000d5580000,0x00000000d5700000)
  from space 1024K, 97% used [0x00000000d5a80000,0x00000000d5b79170,0x00000000d5b80000)
  to   space 1536K, 0% used [0x00000000d5880000,0x00000000d5880000,0x00000000d5a00000)
 ParOldGen       total 816640K, used 816463K [0x0000000080000000, 0x00000000b1d80000, 0x00000000d5580000)
  object space 816640K, 99% used [0x0000000080000000,0x00000000b1d53f20,0x00000000b1d80000)
 Metaspace       used 71565K, committed 73088K, reserved 1114112K
  class space    used 7950K, committed 8640K, reserved 1048576K
}
Event: 59.111 GC heap before
{Heap before GC invocations=1392 (full 3):
 PSYoungGen      total 2560K, used 2532K [0x00000000d5580000, 0x00000000d5b80000, 0x0000000100000000)
  eden space 1536K, 100% used [0x00000000d5580000,0x00000000d5700000,0x00000000d5700000)
  from space 1024K, 97% used [0x00000000d5a80000,0x00000000d5b79170,0x00000000d5b80000)
  to   space 1536K, 0% used [0x00000000d5880000,0x00000000d5880000,0x00000000d5a00000)
 ParOldGen       total 816640K, used 816463K [0x0000000080000000, 0x00000000b1d80000, 0x00000000d5580000)
  object space 816640K, 99% used [0x0000000080000000,0x00000000b1d53f20,0x00000000b1d80000)
 Metaspace       used 71571K, committed 73088K, reserved 1114112K
  class space    used 7950K, committed 8640K, reserved 1048576K
}
Event: 59.114 GC heap after
{Heap after GC invocations=1392 (full 3):
 PSYoungGen      total 3584K, used 1472K [0x00000000d5580000, 0x00000000d5b80000, 0x0000000100000000)
  eden space 2048K, 0% used [0x00000000d5580000,0x00000000d5580000,0x00000000d5780000)
  from space 1536K, 95% used [0x00000000d5880000,0x00000000d59f0000,0x00000000d5a00000)
  to   space 1536K, 0% used [0x00000000d5a00000,0x00000000d5a00000,0x00000000d5b80000)
 ParOldGen       total 817664K, used 817313K [0x0000000080000000, 0x00000000b1e80000, 0x00000000d5580000)
  object space 817664K, 99% used [0x0000000080000000,0x00000000b1e28630,0x00000000b1e80000)
 Metaspace       used 71571K, committed 73088K, reserved 1114112K
  class space    used 7950K, committed 8640K, reserved 1048576K
}
Event: 59.121 GC heap before
{Heap before GC invocations=1393 (full 3):
 PSYoungGen      total 3584K, used 3520K [0x00000000d5580000, 0x00000000d5b80000, 0x0000000100000000)
  eden space 2048K, 100% used [0x00000000d5580000,0x00000000d5780000,0x00000000d5780000)
  from space 1536K, 95% used [0x00000000d5880000,0x00000000d59f0000,0x00000000d5a00000)
  to   space 1536K, 0% used [0x00000000d5a00000,0x00000000d5a00000,0x00000000d5b80000)
 ParOldGen       total 817664K, used 817313K [0x0000000080000000, 0x00000000b1e80000, 0x00000000d5580000)
  object space 817664K, 99% used [0x0000000080000000,0x00000000b1e28630,0x00000000b1e80000)
 Metaspace       used 71590K, committed 73088K, reserved 1114112K
  class space    used 7955K, committed 8640K, reserved 1048576K
}
Event: 59.126 GC heap after
{Heap after GC invocations=1393 (full 3):
 PSYoungGen      total 2560K, used 1536K [0x00000000d5580000, 0x00000000d5f00000, 0x0000000100000000)
  eden space 1024K, 0% used [0x00000000d5580000,0x00000000d5580000,0x00000000d5680000)
  from space 1536K, 100% used [0x00000000d5a00000,0x00000000d5b80000,0x00000000d5b80000)
  to   space 3584K, 0% used [0x00000000d5680000,0x00000000d5680000,0x00000000d5a00000)
 ParOldGen       total 819200K, used 818819K [0x0000000080000000, 0x00000000b2000000, 0x00000000d5580000)
  object space 819200K, 99% used [0x0000000080000000,0x00000000b1fa0d00,0x00000000b2000000)
 Metaspace       used 71590K, committed 73088K, reserved 1114112K
  class space    used 7955K, committed 8640K, reserved 1048576K
}
Event: 59.142 GC heap before
{Heap before GC invocations=1394 (full 3):
 PSYoungGen      total 2560K, used 2559K [0x00000000d5580000, 0x00000000d5f00000, 0x0000000100000000)
  eden space 1024K, 99% used [0x00000000d5580000,0x00000000d567ffb8,0x00000000d5680000)
  from space 1536K, 100% used [0x00000000d5a00000,0x00000000d5b80000,0x00000000d5b80000)
  to   space 3584K, 0% used [0x00000000d5680000,0x00000000d5680000,0x00000000d5a00000)
 ParOldGen       total 819200K, used 818819K [0x0000000080000000, 0x00000000b2000000, 0x00000000d5580000)
  object space 819200K, 99% used [0x0000000080000000,0x00000000b1fa0d00,0x00000000b2000000)
 Metaspace       used 71626K, committed 73216K, reserved 1114112K
  class space    used 7956K, committed 8640K, reserved 1048576K
}
Event: 59.147 GC heap after
{Heap after GC invocations=1394 (full 3):
 PSYoungGen      total 2048K, used 672K [0x00000000d5580000, 0x00000000d5a80000, 0x0000000100000000)
  eden space 1024K, 0% used [0x00000000d5580000,0x00000000d5580000,0x00000000d5680000)
  from space 1024K, 65% used [0x00000000d5680000,0x00000000d5728020,0x00000000d5780000)
  to   space 1536K, 0% used [0x00000000d5900000,0x00000000d5900000,0x00000000d5a80000)
 ParOldGen       total 820736K, used 820411K [0x0000000080000000, 0x00000000b2180000, 0x00000000d5580000)
  object space 820736K, 99% used [0x0000000080000000,0x00000000b212ed00,0x00000000b2180000)
 Metaspace       used 71626K, committed 73216K, reserved 1114112K
  class space    used 7956K, committed 8640K, reserved 1048576K
}
Event: 74.003 GC heap before
{Heap before GC invocations=1395 (full 3):
 PSYoungGen      total 2048K, used 1696K [0x00000000d5580000, 0x00000000d5a80000, 0x0000000100000000)
  eden space 1024K, 100% used [0x00000000d5580000,0x00000000d5680000,0x00000000d5680000)
  from space 1024K, 65% used [0x00000000d5680000,0x00000000d5728020,0x00000000d5780000)
  to   space 1536K, 0% used [0x00000000d5900000,0x00000000d5900000,0x00000000d5a80000)
 ParOldGen       total 820736K, used 820411K [0x0000000080000000, 0x00000000b2180000, 0x00000000d5580000)
  object space 820736K, 99% used [0x0000000080000000,0x00000000b212ed00,0x00000000b2180000)
 Metaspace       used 71652K, committed 73216K, reserved 1114112K
  class space    used 7961K, committed 8640K, reserved 1048576K
}
Event: 74.007 GC heap after
{Heap after GC invocations=1395 (full 3):
 PSYoungGen      total 2048K, used 224K [0x00000000d5580000, 0x00000000d5980000, 0x0000000100000000)
  eden space 1536K, 0% used [0x00000000d5580000,0x00000000d5580000,0x00000000d5700000)
  from space 512K, 43% used [0x00000000d5900000,0x00000000d5938000,0x00000000d5980000)
  to   space 1024K, 0% used [0x00000000d5780000,0x00000000d5780000,0x00000000d5880000)
 ParOldGen       total 821248K, used 820859K [0x0000000080000000, 0x00000000b2200000, 0x00000000d5580000)
  object space 821248K, 99% used [0x0000000080000000,0x00000000b219ed30,0x00000000b2200000)
 Metaspace       used 71652K, committed 73216K, reserved 1114112K
  class space    used 7961K, committed 8640K, reserved 1048576K
}

